<?xml version="1.0" encoding="UTF-8"?>
<!-- Generated by org.testng.reporters.JUnitReportReporter -->
<testsuite hostname="LTIN168041" failures="0" tests="10" name="TestCases.Tc_002_LeaninglanguageTest" time="52.352" errors="0" timestamp="2024-02-27T14:10:52 IST" skipped="0">
  <testcase classname="TestCases.Tc_002_LeaninglanguageTest" name="verify_input_box" time="2.444"/>
  <system-out/>
  <testcase classname="TestCases.Tc_002_LeaninglanguageTest" name="verify_input_box" time="2.102"/>
  <system-out/>
  <testcase classname="TestCases.Tc_002_LeaninglanguageTest" name="verify_language" time="1.323"/>
  <system-out/>
  <testcase classname="TestCases.Tc_002_LeaninglanguageTest" name="verify_language" time="1.937"/>
  <system-out/>
  <testcase classname="TestCases.Tc_002_LeaninglanguageTest" name="verify_show_more" time="0.707"/>
  <system-out/>
  <testcase classname="TestCases.Tc_002_LeaninglanguageTest" name="verify_show_more" time="0.908"/>
  <system-out/>
  <testcase classname="TestCases.Tc_002_LeaninglanguageTest" name="verify_all_language" time="20.390"/>
  <system-out/>
  <testcase classname="TestCases.Tc_002_LeaninglanguageTest" name="verify_all_language" time="20.171"/>
  <system-out/>
  <testcase classname="TestCases.Tc_002_LeaninglanguageTest" name="verify_all_levels" time="0.991"/>
  <system-out/>
  <testcase classname="TestCases.Tc_002_LeaninglanguageTest" name="verify_all_levels" time="1.379"/>
  <system-out/>
</testsuite> <!-- TestCases.Tc_002_LeaninglanguageTest -->
