<?xml version="1.0" encoding="UTF-8"?>
<!-- Generated by org.testng.reporters.JUnitReportReporter -->
<testsuite hostname="LTIN168041" failures="0" tests="5" name="TestCases.Tc_001_HolidayHomeTest" time="39.568" errors="0" timestamp="2024-02-28T18:43:13 IST" skipped="0">
  <testcase classname="TestCases.Tc_001_HolidayHomeTest" name="verify_text_box" time="11.066"/>
  <system-out/>
  <testcase classname="TestCases.Tc_001_HolidayHomeTest" name="verify_language" time="3.852"/>
  <system-out/>
  <testcase classname="TestCases.Tc_001_HolidayHomeTest" name="verify_course_level" time="3.852"/>
  <system-out/>
  <testcase classname="TestCases.Tc_001_HolidayHomeTest" name="verify_course_box" time="11.784"/>
  <system-out/>
  <testcase classname="TestCases.Tc_001_HolidayHomeTest" name="verify_second_course_box" time="9.014"/>
  <system-out/>
</testsuite> <!-- TestCases.Tc_001_HolidayHomeTest -->
