<?xml version="1.0" encoding="UTF-8"?>
<!-- Generated by org.testng.reporters.JUnitReportReporter -->
<testsuite hostname="LTIN168041" failures="0" tests="5" name="TestCases.Tc_002_LeaninglanguageTest" time="6.155" errors="0" timestamp="2024-03-13T11:41:34 IST" skipped="0">
  <testcase classname="TestCases.Tc_002_LeaninglanguageTest" name="verify_input_box" time="0.719"/>
  <system-out/>
  <testcase classname="TestCases.Tc_002_LeaninglanguageTest" name="verify_language" time="0.320"/>
  <system-out/>
  <testcase classname="TestCases.Tc_002_LeaninglanguageTest" name="verify_show_more" time="0.446"/>
  <system-out/>
  <testcase classname="TestCases.Tc_002_LeaninglanguageTest" name="verify_all_language" time="4.302"/>
  <system-out/>
  <testcase classname="TestCases.Tc_002_LeaninglanguageTest" name="verify_all_levels" time="0.368"/>
  <system-out/>
</testsuite> <!-- TestCases.Tc_002_LeaninglanguageTest -->
