<?xml version="1.0" encoding="UTF-8"?>
<!-- Generated by org.testng.reporters.JUnitReportReporter -->
<testsuite hostname="LTIN168041" failures="0" tests="16" name="TestCases.Tc_003_EnterpriseTest" time="146.508" errors="0" timestamp="2024-02-28T13:56:53 IST" skipped="0">
  <testcase classname="TestCases.Tc_003_EnterpriseTest" name="verify_coursera_button" time="33.686"/>
  <system-out/>
  <testcase classname="TestCases.Tc_003_EnterpriseTest" name="verify_enterprise_button" time="37.425"/>
  <system-out/>
  <testcase classname="TestCases.Tc_003_EnterpriseTest" name="verify_whatWeOffer_button" time="38.924"/>
  <system-out/>
  <testcase classname="TestCases.Tc_003_EnterpriseTest" name="verify_learnMore_button" time="34.253"/>
  <system-out/>
  <testcase classname="TestCases.Tc_003_EnterpriseTest" name="verify_Form" time="0.085"/>
  <system-out/>
  <testcase classname="TestCases.Tc_003_EnterpriseTest" name="verify_first_name" time="0.315"/>
  <system-out/>
  <testcase classname="TestCases.Tc_003_EnterpriseTest" name="verify_mail_phone" time="0.244"/>
  <system-out/>
  <testcase classname="TestCases.Tc_003_EnterpriseTest" name="verify_institute_type" time="0.215"/>
  <system-out/>
  <testcase classname="TestCases.Tc_003_EnterpriseTest" name="verify_institute_name" time="0.187"/>
  <system-out/>
  <testcase classname="TestCases.Tc_003_EnterpriseTest" name="verify_job_search" time="0.212"/>
  <system-out/>
  <testcase classname="TestCases.Tc_003_EnterpriseTest" name="verify_department" time="0.272"/>
  <system-out/>
  <testcase classname="TestCases.Tc_003_EnterpriseTest" name="verify_describe" time="0.173"/>
  <system-out/>
  <testcase classname="TestCases.Tc_003_EnterpriseTest" name="verify_Country" time="0.167"/>
  <system-out/>
  <testcase classname="TestCases.Tc_003_EnterpriseTest" name="verify_State" time="0.162"/>
  <system-out/>
  <testcase classname="TestCases.Tc_003_EnterpriseTest" name="verify_Submit" time="0.100"/>
  <system-out/>
  <testcase classname="TestCases.Tc_003_EnterpriseTest" name="verify_error_msg" time="0.088"/>
  <system-out/>
</testsuite> <!-- TestCases.Tc_003_EnterpriseTest -->
