<?xml version="1.0" encoding="UTF-8"?>
<!-- Generated by org.testng.reporters.JUnitReportReporter -->
<testsuite hostname="LTIN168041" failures="0" tests="5" name="TestCases.Tc_001_HolidayHomeTest" time="31.483" errors="0" timestamp="2024-03-13T11:41:34 IST" skipped="0">
  <testcase classname="TestCases.Tc_001_HolidayHomeTest" name="verify_text_box" time="7.066"/>
  <system-out/>
  <testcase classname="TestCases.Tc_001_HolidayHomeTest" name="verify_language" time="3.503"/>
  <system-out/>
  <testcase classname="TestCases.Tc_001_HolidayHomeTest" name="verify_course_level" time="3.592"/>
  <system-out/>
  <testcase classname="TestCases.Tc_001_HolidayHomeTest" name="verify_course_box" time="8.981"/>
  <system-out/>
  <testcase classname="TestCases.Tc_001_HolidayHomeTest" name="verify_second_course_box" time="8.341"/>
  <system-out/>
</testsuite> <!-- TestCases.Tc_001_HolidayHomeTest -->
