<?xml version="1.0" encoding="UTF-8"?>
<!-- Generated by org.testng.reporters.JUnitReportReporter -->
<testsuite hostname="LTIN168041" failures="0" tests="16" name="TestCases.Tc_003_EnterpriseTest" time="129.889" errors="0" timestamp="2024-02-28T18:43:13 IST" skipped="0">
  <testcase classname="TestCases.Tc_003_EnterpriseTest" name="verify_coursera_button" time="7.612"/>
  <system-out/>
  <testcase classname="TestCases.Tc_003_EnterpriseTest" name="verify_enterprise_button" time="25.382"/>
  <system-out/>
  <testcase classname="TestCases.Tc_003_EnterpriseTest" name="verify_whatWeOffer_button" time="4.223"/>
  <system-out/>
  <testcase classname="TestCases.Tc_003_EnterpriseTest" name="verify_learnMore_button" time="87.588"/>
  <system-out/>
  <testcase classname="TestCases.Tc_003_EnterpriseTest" name="verify_Form" time="0.689"/>
  <system-out/>
  <testcase classname="TestCases.Tc_003_EnterpriseTest" name="verify_first_name" time="0.968"/>
  <system-out/>
  <testcase classname="TestCases.Tc_003_EnterpriseTest" name="verify_mail_phone" time="0.677"/>
  <system-out/>
  <testcase classname="TestCases.Tc_003_EnterpriseTest" name="verify_institute_type" time="0.603"/>
  <system-out/>
  <testcase classname="TestCases.Tc_003_EnterpriseTest" name="verify_institute_name" time="0.178"/>
  <system-out/>
  <testcase classname="TestCases.Tc_003_EnterpriseTest" name="verify_job_search" time="0.268"/>
  <system-out/>
  <testcase classname="TestCases.Tc_003_EnterpriseTest" name="verify_department" time="0.380"/>
  <system-out/>
  <testcase classname="TestCases.Tc_003_EnterpriseTest" name="verify_Country" time="0.453"/>
  <system-out/>
  <testcase classname="TestCases.Tc_003_EnterpriseTest" name="verify_describe" time="0.283"/>
  <system-out/>
  <testcase classname="TestCases.Tc_003_EnterpriseTest" name="verify_State" time="0.285"/>
  <system-out/>
  <testcase classname="TestCases.Tc_003_EnterpriseTest" name="verify_Submit" time="0.177"/>
  <system-out/>
  <testcase classname="TestCases.Tc_003_EnterpriseTest" name="verify_error_msg" time="0.123"/>
  <system-out/>
</testsuite> <!-- TestCases.Tc_003_EnterpriseTest -->
