<?xml version="1.0" encoding="UTF-8"?>
<!-- Generated by org.testng.reporters.JUnitReportReporter -->
<testsuite hostname="LTIN168041" failures="0" tests="10" name="TestCases.Tc_001_HolidayHomeTest" time="133.459" errors="0" timestamp="2024-02-27T14:10:52 IST" skipped="0">
  <testcase classname="TestCases.Tc_001_HolidayHomeTest" name="verify_text_box" time="7.568"/>
  <system-out/>
  <testcase classname="TestCases.Tc_001_HolidayHomeTest" name="verify_text_box" time="9.878"/>
  <system-out/>
  <testcase classname="TestCases.Tc_001_HolidayHomeTest" name="verify_language" time="4.710"/>
  <system-out/>
  <testcase classname="TestCases.Tc_001_HolidayHomeTest" name="verify_language" time="3.859"/>
  <system-out/>
  <testcase classname="TestCases.Tc_001_HolidayHomeTest" name="verify_course_level" time="4.580"/>
  <system-out/>
  <testcase classname="TestCases.Tc_001_HolidayHomeTest" name="verify_course_level" time="3.747"/>
  <system-out/>
  <testcase classname="TestCases.Tc_001_HolidayHomeTest" name="verify_course_box" time="15.177"/>
  <system-out/>
  <testcase classname="TestCases.Tc_001_HolidayHomeTest" name="verify_course_box" time="21.846"/>
  <system-out/>
  <testcase classname="TestCases.Tc_001_HolidayHomeTest" name="verify_second_course_box" time="45.293"/>
  <system-out/>
  <testcase classname="TestCases.Tc_001_HolidayHomeTest" name="verify_second_course_box" time="16.801"/>
  <system-out/>
</testsuite> <!-- TestCases.Tc_001_HolidayHomeTest -->
