<?xml version="1.0" encoding="UTF-8"?>
<!-- Generated by org.testng.reporters.JUnitReportReporter -->
<testsuite hostname="LTIN168041" failures="0" tests="5" name="TestCases.Tc_001_HolidayHomeTest" time="116.559" errors="0" timestamp="2024-02-28T13:56:53 IST" skipped="0">
  <testcase classname="TestCases.Tc_001_HolidayHomeTest" name="verify_text_box" time="35.369"/>
  <system-out/>
  <testcase classname="TestCases.Tc_001_HolidayHomeTest" name="verify_language" time="3.607"/>
  <system-out/>
  <testcase classname="TestCases.Tc_001_HolidayHomeTest" name="verify_course_level" time="3.633"/>
  <system-out/>
  <testcase classname="TestCases.Tc_001_HolidayHomeTest" name="verify_course_box" time="38.059"/>
  <system-out/>
  <testcase classname="TestCases.Tc_001_HolidayHomeTest" name="verify_second_course_box" time="35.891"/>
  <system-out/>
</testsuite> <!-- TestCases.Tc_001_HolidayHomeTest -->
