<?xml version="1.0" encoding="UTF-8"?>
<!-- Generated by org.testng.reporters.JUnitReportReporter -->
<testsuite hostname="LTIN168041" failures="0" tests="5" name="TestCases.Tc_002_LeaninglanguageTest" time="66.767" errors="0" timestamp="2024-02-22T21:48:35 IST" skipped="0">
  <testcase classname="TestCases.Tc_002_LeaninglanguageTest" name="verify_input_box" time="0.928"/>
  <system-out/>
  <testcase classname="TestCases.Tc_002_LeaninglanguageTest" name="verify_language" time="30.059"/>
  <system-out/>
  <testcase classname="TestCases.Tc_002_LeaninglanguageTest" name="verify_show_more" time="30.086"/>
  <system-out/>
  <testcase classname="TestCases.Tc_002_LeaninglanguageTest" name="verify_all_language" time="4.746"/>
  <system-out/>
  <testcase classname="TestCases.Tc_002_LeaninglanguageTest" name="verify_all_levels" time="0.948"/>
  <system-out/>
</testsuite> <!-- TestCases.Tc_002_LeaninglanguageTest -->
