<?xml version="1.0" encoding="UTF-8"?>
<!-- Generated by org.testng.reporters.JUnitReportReporter -->
<testsuite hostname="LTIN168041" failures="0" tests="32" name="TestCases.Tc_003_EnterpriseTest" time="93.989" errors="0" timestamp="2024-02-27T14:10:52 IST" skipped="0">
  <testcase classname="TestCases.Tc_003_EnterpriseTest" name="verify_coursera_button" time="11.752"/>
  <system-out/>
  <testcase classname="TestCases.Tc_003_EnterpriseTest" name="verify_coursera_button" time="8.656"/>
  <system-out/>
  <testcase classname="TestCases.Tc_003_EnterpriseTest" name="verify_enterprise_button" time="14.303"/>
  <system-out/>
  <testcase classname="TestCases.Tc_003_EnterpriseTest" name="verify_enterprise_button" time="11.109"/>
  <system-out/>
  <testcase classname="TestCases.Tc_003_EnterpriseTest" name="verify_whatWeOffer_button" time="5.006"/>
  <system-out/>
  <testcase classname="TestCases.Tc_003_EnterpriseTest" name="verify_whatWeOffer_button" time="5.728"/>
  <system-out/>
  <testcase classname="TestCases.Tc_003_EnterpriseTest" name="verify_learnMore_button" time="7.131"/>
  <system-out/>
  <testcase classname="TestCases.Tc_003_EnterpriseTest" name="verify_learnMore_button" time="11.233"/>
  <system-out/>
  <testcase classname="TestCases.Tc_003_EnterpriseTest" name="verify_Form" time="0.153"/>
  <system-out/>
  <testcase classname="TestCases.Tc_003_EnterpriseTest" name="verify_Form" time="0.278"/>
  <system-out/>
  <testcase classname="TestCases.Tc_003_EnterpriseTest" name="verify_first_name" time="1.147"/>
  <system-out/>
  <testcase classname="TestCases.Tc_003_EnterpriseTest" name="verify_first_name" time="0.829"/>
  <system-out/>
  <testcase classname="TestCases.Tc_003_EnterpriseTest" name="verify_mail_phone" time="0.744"/>
  <system-out/>
  <testcase classname="TestCases.Tc_003_EnterpriseTest" name="verify_mail_phone" time="0.926"/>
  <system-out/>
  <testcase classname="TestCases.Tc_003_EnterpriseTest" name="verify_institute_type" time="0.447"/>
  <system-out/>
  <testcase classname="TestCases.Tc_003_EnterpriseTest" name="verify_institute_type" time="0.700"/>
  <system-out/>
  <testcase classname="TestCases.Tc_003_EnterpriseTest" name="verify_institute_name" time="0.499"/>
  <system-out/>
  <testcase classname="TestCases.Tc_003_EnterpriseTest" name="verify_institute_name" time="0.857"/>
  <system-out/>
  <testcase classname="TestCases.Tc_003_EnterpriseTest" name="verify_job_search" time="0.665"/>
  <system-out/>
  <testcase classname="TestCases.Tc_003_EnterpriseTest" name="verify_job_search" time="0.706"/>
  <system-out/>
  <testcase classname="TestCases.Tc_003_EnterpriseTest" name="verify_department" time="0.581"/>
  <system-out/>
  <testcase classname="TestCases.Tc_003_EnterpriseTest" name="verify_department" time="0.653"/>
  <system-out/>
  <testcase classname="TestCases.Tc_003_EnterpriseTest" name="verify_describe" time="0.861"/>
  <system-out/>
  <testcase classname="TestCases.Tc_003_EnterpriseTest" name="verify_Country" time="0.577"/>
  <system-out/>
  <testcase classname="TestCases.Tc_003_EnterpriseTest" name="verify_describe" time="0.663"/>
  <system-out/>
  <testcase classname="TestCases.Tc_003_EnterpriseTest" name="verify_Country" time="1.062"/>
  <system-out/>
  <testcase classname="TestCases.Tc_003_EnterpriseTest" name="verify_State" time="0.615"/>
  <system-out/>
  <testcase classname="TestCases.Tc_003_EnterpriseTest" name="verify_State" time="0.593"/>
  <system-out/>
  <testcase classname="TestCases.Tc_003_EnterpriseTest" name="verify_Submit" time="0.185"/>
  <system-out/>
  <testcase classname="TestCases.Tc_003_EnterpriseTest" name="verify_Submit" time="0.208"/>
  <system-out/>
  <testcase classname="TestCases.Tc_003_EnterpriseTest" name="verify_error_msg" time="4.943"/>
  <system-out/>
  <testcase classname="TestCases.Tc_003_EnterpriseTest" name="verify_error_msg" time="0.179"/>
  <system-out/>
</testsuite> <!-- TestCases.Tc_003_EnterpriseTest -->
