<?xml version="1.0" encoding="UTF-8"?>
<!-- Generated by org.testng.reporters.JUnitReportReporter -->
<testsuite hostname="LTIN168041" failures="0" tests="16" name="TestCases.Tc_003_EnterpriseTest" time="30.580" errors="0" timestamp="2024-02-28T10:53:25 IST" skipped="0">
  <testcase classname="TestCases.Tc_003_EnterpriseTest" name="verify_coursera_button" time="7.656"/>
  <system-out/>
  <testcase classname="TestCases.Tc_003_EnterpriseTest" name="verify_enterprise_button" time="8.897"/>
  <system-out/>
  <testcase classname="TestCases.Tc_003_EnterpriseTest" name="verify_whatWeOffer_button" time="4.842"/>
  <system-out/>
  <testcase classname="TestCases.Tc_003_EnterpriseTest" name="verify_learnMore_button" time="6.207"/>
  <system-out/>
  <testcase classname="TestCases.Tc_003_EnterpriseTest" name="verify_Form" time="0.107"/>
  <system-out/>
  <testcase classname="TestCases.Tc_003_EnterpriseTest" name="verify_first_name" time="0.598"/>
  <system-out/>
  <testcase classname="TestCases.Tc_003_EnterpriseTest" name="verify_mail_phone" time="0.475"/>
  <system-out/>
  <testcase classname="TestCases.Tc_003_EnterpriseTest" name="verify_institute_type" time="0.248"/>
  <system-out/>
  <testcase classname="TestCases.Tc_003_EnterpriseTest" name="verify_institute_name" time="0.183"/>
  <system-out/>
  <testcase classname="TestCases.Tc_003_EnterpriseTest" name="verify_job_search" time="0.203"/>
  <system-out/>
  <testcase classname="TestCases.Tc_003_EnterpriseTest" name="verify_department" time="0.223"/>
  <system-out/>
  <testcase classname="TestCases.Tc_003_EnterpriseTest" name="verify_describe" time="0.273"/>
  <system-out/>
  <testcase classname="TestCases.Tc_003_EnterpriseTest" name="verify_Country" time="0.239"/>
  <system-out/>
  <testcase classname="TestCases.Tc_003_EnterpriseTest" name="verify_State" time="0.226"/>
  <system-out/>
  <testcase classname="TestCases.Tc_003_EnterpriseTest" name="verify_Submit" time="0.123"/>
  <system-out/>
  <testcase classname="TestCases.Tc_003_EnterpriseTest" name="verify_error_msg" time="0.080"/>
  <system-out/>
</testsuite> <!-- TestCases.Tc_003_EnterpriseTest -->
