<?xml version="1.0" encoding="UTF-8"?>
<!-- Generated by org.testng.reporters.JUnitReportReporter -->
<testsuite hostname="LTIN168041" failures="0" tests="16" name="TestCases.Tc_003_EnterpriseTest" time="27.760" errors="0" timestamp="2024-03-13T11:41:34 IST" skipped="0">
  <testcase classname="TestCases.Tc_003_EnterpriseTest" name="verify_coursera_button" time="5.880"/>
  <system-out/>
  <testcase classname="TestCases.Tc_003_EnterpriseTest" name="verify_enterprise_button" time="8.314"/>
  <system-out/>
  <testcase classname="TestCases.Tc_003_EnterpriseTest" name="verify_whatWeOffer_button" time="4.544"/>
  <system-out/>
  <testcase classname="TestCases.Tc_003_EnterpriseTest" name="verify_learnMore_button" time="5.982"/>
  <system-out/>
  <testcase classname="TestCases.Tc_003_EnterpriseTest" name="verify_Form" time="0.087"/>
  <system-out/>
  <testcase classname="TestCases.Tc_003_EnterpriseTest" name="verify_first_name" time="0.390"/>
  <system-out/>
  <testcase classname="TestCases.Tc_003_EnterpriseTest" name="verify_mail_phone" time="0.531"/>
  <system-out/>
  <testcase classname="TestCases.Tc_003_EnterpriseTest" name="verify_institute_type" time="0.223"/>
  <system-out/>
  <testcase classname="TestCases.Tc_003_EnterpriseTest" name="verify_institute_name" time="0.303"/>
  <system-out/>
  <testcase classname="TestCases.Tc_003_EnterpriseTest" name="verify_job_search" time="0.263"/>
  <system-out/>
  <testcase classname="TestCases.Tc_003_EnterpriseTest" name="verify_department" time="0.239"/>
  <system-out/>
  <testcase classname="TestCases.Tc_003_EnterpriseTest" name="verify_describe" time="0.308"/>
  <system-out/>
  <testcase classname="TestCases.Tc_003_EnterpriseTest" name="verify_Country" time="0.229"/>
  <system-out/>
  <testcase classname="TestCases.Tc_003_EnterpriseTest" name="verify_State" time="0.276"/>
  <system-out/>
  <testcase classname="TestCases.Tc_003_EnterpriseTest" name="verify_Submit" time="0.131"/>
  <system-out/>
  <testcase classname="TestCases.Tc_003_EnterpriseTest" name="verify_error_msg" time="0.060"/>
  <system-out/>
</testsuite> <!-- TestCases.Tc_003_EnterpriseTest -->
