<?xml version="1.0" encoding="UTF-8"?>
<!-- Generated by org.testng.reporters.JUnitReportReporter -->
<testsuite hostname="LTIN168041" failures="0" tests="5" name="TestCases.Tc_002_LeaninglanguageTest" time="10.131" errors="0" timestamp="2024-02-28T18:43:13 IST" skipped="0">
  <testcase classname="TestCases.Tc_002_LeaninglanguageTest" name="verify_input_box" time="1.780"/>
  <system-out/>
  <testcase classname="TestCases.Tc_002_LeaninglanguageTest" name="verify_language" time="0.999"/>
  <system-out/>
  <testcase classname="TestCases.Tc_002_LeaninglanguageTest" name="verify_show_more" time="0.467"/>
  <system-out/>
  <testcase classname="TestCases.Tc_002_LeaninglanguageTest" name="verify_all_language" time="6.348"/>
  <system-out/>
  <testcase classname="TestCases.Tc_002_LeaninglanguageTest" name="verify_all_levels" time="0.537"/>
  <system-out/>
</testsuite> <!-- TestCases.Tc_002_LeaninglanguageTest -->
