<?xml version="1.0" encoding="UTF-8"?>
<!-- Generated by org.testng.reporters.JUnitReportReporter -->
<testsuite hostname="LTIN168041" failures="0" tests="5" name="TestCases.Tc_002_LeaninglanguageTest" time="7.820" errors="0" timestamp="2024-02-28T13:56:53 IST" skipped="0">
  <testcase classname="TestCases.Tc_002_LeaninglanguageTest" name="verify_input_box" time="1.311"/>
  <system-out/>
  <testcase classname="TestCases.Tc_002_LeaninglanguageTest" name="verify_language" time="1.255"/>
  <system-out/>
  <testcase classname="TestCases.Tc_002_LeaninglanguageTest" name="verify_show_more" time="0.400"/>
  <system-out/>
  <testcase classname="TestCases.Tc_002_LeaninglanguageTest" name="verify_all_language" time="4.527"/>
  <system-out/>
  <testcase classname="TestCases.Tc_002_LeaninglanguageTest" name="verify_all_levels" time="0.327"/>
  <system-out/>
</testsuite> <!-- TestCases.Tc_002_LeaninglanguageTest -->
