<?xml version="1.0" encoding="UTF-8"?>
<!-- Generated by org.testng.reporters.JUnitReportReporter -->
<testsuite hostname="LTIN168041" failures="0" tests="5" name="TestCases.Tc_001_HolidayHomeTest" time="38.243" errors="0" timestamp="2024-03-12T23:09:10 IST" skipped="0">
  <testcase classname="TestCases.Tc_001_HolidayHomeTest" name="verify_text_box" time="10.624"/>
  <testcase classname="TestCases.Tc_001_HolidayHomeTest" name="verify_language" time="3.637"/>
  <testcase classname="TestCases.Tc_001_HolidayHomeTest" name="verify_course_level" time="3.768"/>
  <testcase classname="TestCases.Tc_001_HolidayHomeTest" name="verify_course_box" time="10.618"/>
  <testcase classname="TestCases.Tc_001_HolidayHomeTest" name="verify_second_course_box" time="9.596"/>
</testsuite> <!-- TestCases.Tc_001_HolidayHomeTest -->
