<?xml version="1.0" encoding="UTF-8"?>
<!-- Generated by org.testng.reporters.JUnitReportReporter -->
<testsuite hostname="LTIN168041" failures="0" tests="5" name="TestCases.Tc_001_HolidayHomeTest" time="42.511" errors="0" timestamp="2024-02-23T12:15:07 IST" skipped="0">
  <testcase classname="TestCases.Tc_001_HolidayHomeTest" name="verify_text_box" time="8.537"/>
  <testcase classname="TestCases.Tc_001_HolidayHomeTest" name="verify_language" time="4.165"/>
  <testcase classname="TestCases.Tc_001_HolidayHomeTest" name="verify_course_level" time="4.052"/>
  <testcase classname="TestCases.Tc_001_HolidayHomeTest" name="verify_course_box" time="13.941"/>
  <testcase classname="TestCases.Tc_001_HolidayHomeTest" name="verify_second_course_box" time="11.816"/>
</testsuite> <!-- TestCases.Tc_001_HolidayHomeTest -->
