<?xml version="1.0" encoding="UTF-8"?>
<!-- Generated by org.testng.reporters.JUnitReportReporter -->
<testsuite hostname="LTIN168041" failures="0" tests="5" name="TestCases.Tc_001_HolidayHomeTest" time="36.267" errors="0" timestamp="2024-02-28T16:47:13 IST" skipped="0">
  <testcase classname="TestCases.Tc_001_HolidayHomeTest" name="verify_text_box" time="7.712"/>
  <testcase classname="TestCases.Tc_001_HolidayHomeTest" name="verify_language" time="3.484"/>
  <testcase classname="TestCases.Tc_001_HolidayHomeTest" name="verify_course_level" time="3.556"/>
  <testcase classname="TestCases.Tc_001_HolidayHomeTest" name="verify_course_box" time="13.668"/>
  <testcase classname="TestCases.Tc_001_HolidayHomeTest" name="verify_second_course_box" time="7.847"/>
</testsuite> <!-- TestCases.Tc_001_HolidayHomeTest -->
